<?xml version="1.0" encoding="UTF-8"?>
<!-- Generated by org.testng.reporters.JUnitReportReporter -->
<testsuite skipped="0" hostname="lenovo-PC" name="com.infinitylabs.restAPI.SimpleGetTest" tests="1" failures="0" timestamp="01 Nov 2018 06:25:47 GMT" time="2.670" errors="0">
  <testcase name="RegistrationSuccessful" time="2.670" classname="com.infinitylabs.restAPI.SimpleGetTest"/>
</testsuite> <!-- com.infinitylabs.restAPI.SimpleGetTest -->
