<?xml version="1.0" encoding="UTF-8"?>
<!-- Generated by org.testng.reporters.JUnitReportReporter -->
<testsuite skipped="0" hostname="lenovo-PC" name="HumonicsQA.HumonicsChatBot.LoginTest" tests="1" failures="0" timestamp="26 Oct 2018 12:09:25 GMT" time="113.350" errors="0">
  <testcase name="main1" time="113.350" classname="HumonicsQA.HumonicsChatBot.LoginTest"/>
</testsuite> <!-- HumonicsQA.HumonicsChatBot.LoginTest -->
