<?xml version="1.0" encoding="UTF-8"?>
<!-- Generated by org.testng.reporters.JUnitReportReporter -->
<testsuite skipped="0" hostname="lenovo-PC" name="HumonicsQA.HumonicsChatBot.LoginTest" tests="1" failures="0" timestamp="29 Oct 2018 10:19:20 GMT" time="117.294" errors="0">
  <testcase name="main1" time="117.294" classname="HumonicsQA.HumonicsChatBot.LoginTest"/>
</testsuite> <!-- HumonicsQA.HumonicsChatBot.LoginTest -->
