<?xml version="1.0" encoding="UTF-8"?>
<!-- Generated by org.testng.reporters.JUnitReportReporter -->
<testsuite skipped="0" hostname="lenovo-PC" name="com.infinitylabs.restAPI.SimpleGetTest" tests="1" failures="0" timestamp="05 Nov 2018 10:02:01 GMT" time="3.140" errors="0">
  <testcase name="GetWeatherDetails" time="3.140" classname="com.infinitylabs.restAPI.SimpleGetTest"/>
</testsuite> <!-- com.infinitylabs.restAPI.SimpleGetTest -->
